
> glow-grace-studio@0.1.0 dev
> next dev --hostname 0.0.0.0

▲ Next.js 16.2.6 (Turbopack)
- Local:         http://localhost:3000
- Network:       http://0.0.0.0:3000
- Environments: .env
✓ Ready in 1541ms
Creating turbopack project { dir: 'C:\\projects\\beauty_salon', testMode: true }

 GET /auth/login 307 in 3.5s (next.js: 3.0s, application-code: 530ms)
 GET / 200 in 12.4s (next.js: 974ms, application-code: 11.4s)
 GET / 200 in 5.1s (next.js: 10ms, application-code: 5.1s)
 GET /api/settings 200 in 205ms (next.js: 167ms, application-code: 38ms)
 GET /api/settings 200 in 300ms (next.js: 153ms, application-code: 147ms)
 GET /api/settings 200 in 154ms (next.js: 26ms, application-code: 129ms)
 GET /api/settings 200 in 167ms (next.js: 10ms, application-code: 157ms)
 GET /api/settings 200 in 46ms (next.js: 23ms, application-code: 23ms)
 GET /api/settings 200 in 34ms (next.js: 13ms, application-code: 21ms)
 GET /api/settings 200 in 50ms (next.js: 34ms, application-code: 17ms)
 GET / 200 in 15.9s (next.js: 638ms, application-code: 15.3s)
 GET /api/settings 200 in 280ms (next.js: 51ms, application-code: 229ms)
 GET /api/settings 200 in 542ms (next.js: 112ms, application-code: 430ms)
 GET /api/settings 200 in 94ms (next.js: 33ms, application-code: 61ms)
 GET /api/settings 200 in 173ms (next.js: 154ms, application-code: 20ms)
 GET /api/settings 200 in 31ms (next.js: 9ms, application-code: 22ms)
 GET /api/settings 200 in 368ms (next.js: 200ms, application-code: 168ms)
 GET /api/settings 200 in 162ms (next.js: 8ms, application-code: 154ms)
 GET /api/settings 200 in 72ms (next.js: 13ms, application-code: 59ms)
 GET /api/settings 200 in 28.3s (next.js: 18.8s, application-code: 9.5s)
 GET /api/settings 200 in 18.7s (next.js: 14.9s, application-code: 3.9s)
 GET /api/settings 200 in 2.4s (next.js: 349ms, application-code: 2.1s)
 GET /api/settings 200 in 1472ms (next.js: 183ms, application-code: 1289ms)
✓ Compiled in 80.5s
✓ Finished writing to filesystem cache in 22.2s
✓ Finished filesystem cache database compaction in 2.1min
 GET / 200 in 4.0min (next.js: 62s, application-code: 2.9min)
 GET / 200 in 3.9min (next.js: 84s, application-code: 2.5min)
 GET / 200 in 3.9min (next.js: 119s, application-code: 115s)
 GET / 200 in 3.9min (next.js: 91s, application-code: 2.4min)
 GET / 200 in 3.9min (next.js: 88s, application-code: 2.4min)
 GET / 200 in 4.3min (next.js: 60s, application-code: 3.3min)
 GET / 200 in 15.1s (next.js: 5.5s, application-code: 9.6s)
 GET / 200 in 26.2s (next.js: 6.9s, application-code: 19.4s)
 GET / 200 in 26.2s (next.js: 8.6s, application-code: 17.6s)
 GET / 200 in 26.0s (next.js: 9.7s, application-code: 16.4s)
 GET / 200 in 26.2s (next.js: 9.2s, application-code: 17.0s)
 GET / 200 in 25.9s (next.js: 10.4s, application-code: 15.5s)
 GET / 200 in 19.6s (next.js: 36ms, application-code: 19.6s)
 GET / 200 in 21.9s (next.js: 15ms, application-code: 21.9s)
 GET / 200 in 22.0s (next.js: 352ms, application-code: 21.6s)
 GET / 200 in 22.0s (next.js: 1752ms, application-code: 20.2s)
 GET / 200 in 20.4s (next.js: 1999ms, application-code: 18.4s)
 GET / 200 in 22.2s (next.js: 3.2s, application-code: 18.9s)
 GET / 200 in 27.0s (next.js: 8ms, application-code: 27.0s)
 GET / 200 in 16.1s (next.js: 172ms, application-code: 15.9s)
 GET / 200 in 16.1s (next.js: 3.5s, application-code: 12.5s)
 GET / 200 in 16.1s (next.js: 1786ms, application-code: 14.3s)
 GET / 200 in 16.1s (next.js: 2.7s, application-code: 13.4s)
 GET / 200 in 13.7s (next.js: 14ms, application-code: 13.7s)
 GET / 200 in 21.7s (next.js: 669ms, application-code: 21.0s)
 GET / 200 in 19.6s (next.js: 18ms, application-code: 19.6s)
 GET / 200 in 20.8s (next.js: 886ms, application-code: 19.9s)
 GET / 200 in 20.8s (next.js: 293ms, application-code: 20.5s)
 GET / 200 in 20.8s (next.js: 45ms, application-code: 20.7s)
 GET / 200 in 19.0s (next.js: 141ms, application-code: 18.9s)
 GET / 200 in 19.0s (next.js: 15ms, application-code: 19.0s)
 GET / 200 in 19.9s (next.js: 150ms, application-code: 19.8s)
 GET / 200 in 19.6s (next.js: 760ms, application-code: 18.9s)
 GET / 200 in 19.6s (next.js: 27ms, application-code: 19.6s)
 GET / 200 in 19.9s (next.js: 14ms, application-code: 19.9s)
 GET / 200 in 19.8s (next.js: 186ms, application-code: 19.6s)
 GET / 200 in 19.8s (next.js: 10ms, application-code: 19.8s)
 GET / 200 in 19.9s (next.js: 79ms, application-code: 19.8s)
 GET / 200 in 19.9s (next.js: 144ms, application-code: 19.8s)
 GET / 200 in 19.7s (next.js: 9ms, application-code: 19.7s)
 GET / 200 in 19.9s (next.js: 10ms, application-code: 19.9s)
 GET / 200 in 21.2s (next.js: 83ms, application-code: 21.2s)
 GET / 200 in 21.3s (next.js: 9ms, application-code: 21.2s)
 GET / 200 in 19.2s (next.js: 11ms, application-code: 19.2s)
 GET / 200 in 19.2s (next.js: 71ms, application-code: 19.2s)
 GET / 200 in 19.2s (next.js: 135ms, application-code: 19.1s)
 GET / 200 in 19.0s (next.js: 8ms, application-code: 19.0s)
 GET / 200 in 19.9s (next.js: 25ms, application-code: 19.8s)
 GET / 200 in 19.8s (next.js: 161ms, application-code: 19.7s)
 GET / 200 in 19.8s (next.js: 23ms, application-code: 19.8s)
 GET / 200 in 19.8s (next.js: 131ms, application-code: 19.7s)
 GET / 200 in 19.4s (next.js: 66ms, application-code: 19.4s)
 GET / 200 in 19.8s (next.js: 256ms, application-code: 19.6s)
 GET / 200 in 19.0s (next.js: 8ms, application-code: 19.0s)
 GET / 200 in 19.0s (next.js: 72ms, application-code: 18.9s)
 GET / 200 in 20.9s (next.js: 7ms, application-code: 20.9s)
 GET / 200 in 21.1s (next.js: 10ms, application-code: 21.1s)
 GET / 200 in 21.1s (next.js: 70ms, application-code: 21.0s)
 GET / 200 in 21.1s (next.js: 143ms, application-code: 21.0s)
 GET / 200 in 20.0s (next.js: 179ms, application-code: 19.8s)
 GET / 200 in 20.0s (next.js: 16ms, application-code: 20.0s)
 GET / 200 in 20.0s (next.js: 213ms, application-code: 19.8s)
 GET / 200 in 20.0s (next.js: 139ms, application-code: 19.8s)
 GET / 200 in 20.0s (next.js: 77ms, application-code: 19.9s)
 GET / 200 in 20.0s (next.js: 10ms, application-code: 20.0s)
 GET / 200 in 21.0s (next.js: 10ms, application-code: 21.0s)
 GET / 200 in 21.0s (next.js: 87ms, application-code: 20.9s)
 GET / 200 in 18.9s (next.js: 138ms, application-code: 18.8s)
 GET / 200 in 18.9s (next.js: 196ms, application-code: 18.7s)
 GET / 200 in 18.9s (next.js: 70ms, application-code: 18.8s)
 GET / 200 in 18.9s (next.js: 10ms, application-code: 18.9s)
 GET / 200 in 19.0s (next.js: 8ms, application-code: 19.0s)
 GET / 200 in 19.0s (next.js: 72ms, application-code: 18.9s)
 GET / 200 in 21.0s (next.js: 129ms, application-code: 20.9s)
 GET / 200 in 21.0s (next.js: 251ms, application-code: 20.8s)
 GET / 200 in 21.0s (next.js: 328ms, application-code: 20.7s)
 GET / 200 in 21.1s (next.js: 12ms, application-code: 21.0s)
 GET /api/settings 200 in 248ms (next.js: 205ms, application-code: 44ms)
 GET / 200 in 19.9s (next.js: 8ms, application-code: 19.9s)
 GET / 200 in 19.9s (next.js: 9ms, application-code: 19.8s)
 GET /api/settings 200 in 25ms (next.js: 8ms, application-code: 17ms)
 GET /api/settings 200 in 19ms (next.js: 5ms, application-code: 14ms)
 GET /api/settings 200 in 17ms (next.js: 4ms, application-code: 13ms)
 GET / 200 in 19.4s (next.js: 10ms, application-code: 19.4s)
 GET / 200 in 19.9s (next.js: 12ms, application-code: 19.9s)
 GET / 200 in 19.9s (next.js: 95ms, application-code: 19.8s)
 GET / 200 in 19.9s (next.js: 163ms, application-code: 19.7s)
 GET /api/settings 200 in 803ms (next.js: 22ms, application-code: 781ms)
 GET / 200 in 21.4s (next.js: 7ms, application-code: 21.4s)
 GET / 200 in 21.3s (next.js: 7ms, application-code: 21.3s)
 GET / 200 in 18.3s (next.js: 13ms, application-code: 18.3s)
 GET / 200 in 19.2s (next.js: 55ms, application-code: 19.1s)
 GET / 200 in 19.1s (next.js: 380ms, application-code: 18.8s)
 GET / 200 in 18.6s (next.js: 22ms, application-code: 18.6s)
