Failed to load home page services; rendering an empty section.
Failed to load home page products; rendering an empty section.
Failed to load home page stylists; rendering an empty section.
Failed to load home page blog posts; rendering an empty section.
Failed to load home page reviews; rendering an empty section.
Failed to load home page services; rendering an empty section.
Failed to load home page products; rendering an empty section.
Failed to load home page stylists; rendering an empty section.
Failed to load home page blog posts; rendering an empty section.
Failed to load home page reviews; rendering an empty section.
Failed to load home page services; rendering an empty section.
Failed to load home page products; rendering an empty section.
Failed to load home page stylists; rendering an empty section.
Failed to load home page blog posts; rendering an empty section.
Failed to load home page reviews; rendering an empty section.
Failed to load home page services; rendering an empty section.
Failed to load home page products; rendering an empty section.
Failed to load home page stylists; rendering an empty section.
Failed to load home page blog posts; rendering an empty section.
Failed to load home page reviews; rendering an empty section.
Failed to load home page services; rendering an empty section.
Failed to load home page products; rendering an empty section.
Failed to load home page stylists; rendering an empty section.
Failed to load home page blog posts; rendering an empty section.
Failed to load home page reviews; rendering an empty section.
Failed to load home page services; rendering an empty section.
Failed to load home page products; rendering an empty section.
Failed to load home page stylists; rendering an empty section.
Failed to load home page blog posts; rendering an empty section.
Failed to load home page reviews; rendering an empty section.
Failed to load home page services; rendering an empty section.
Failed to load home page products; rendering an empty section.
Failed to load home page stylists; rendering an empty section.
Failed to load home page blog posts; rendering an empty section.
Failed to load home page reviews; rendering an empty section.
Failed to load home page services; rendering an empty section.
Failed to load home page products; rendering an empty section.
Failed to load home page stylists; rendering an empty section.
Failed to load home page blog posts; rendering an empty section.
Failed to load home page reviews; rendering an empty section.
Failed to load home page services; rendering an empty section.
Failed to load home page products; rendering an empty section.
Failed to load home page stylists; rendering an empty section.
Failed to load home page blog posts; rendering an empty section.
Failed to load home page reviews; rendering an empty section.
Failed to load home page services; rendering an empty section.
Failed to load home page products; rendering an empty section.
Failed to load home page stylists; rendering an empty section.
Failed to load home page blog posts; rendering an empty section.
Failed to load home page reviews; rendering an empty section.
Failed to load home page services; rendering an empty section.
Failed to load home page products; rendering an empty section.
Failed to load home page stylists; rendering an empty section.
Failed to load home page blog posts; rendering an empty section.
Failed to load home page reviews; rendering an empty section.
Failed to load home page services; rendering an empty section.
Failed to load home page products; rendering an empty section.
Failed to load home page stylists; rendering an empty section.
Failed to load home page blog posts; rendering an empty section.
Failed to load home page reviews; rendering an empty section.
Failed to load home page services; rendering an empty section.
Failed to load home page products; rendering an empty section.
Failed to load home page stylists; rendering an empty section.
Failed to load home page blog posts; rendering an empty section.
Failed to load home page reviews; rendering an empty section.
Failed to load home page services; rendering an empty section.
Failed to load home page products; rendering an empty section.
Failed to load home page stylists; rendering an empty section.
Failed to load home page blog posts; rendering an empty section.
Failed to load home page reviews; rendering an empty section.
Failed to load home page services; rendering an empty section.
Failed to load home page products; rendering an empty section.
Failed to load home page stylists; rendering an empty section.
Failed to load home page blog posts; rendering an empty section.
Failed to load home page reviews; rendering an empty section.
Failed to load home page services; rendering an empty section.
Failed to load home page products; rendering an empty section.
Failed to load home page stylists; rendering an empty section.
Failed to load home page blog posts; rendering an empty section.
Failed to load home page reviews; rendering an empty section.
Failed to load home page services; rendering an empty section.
Failed to load home page products; rendering an empty section.
Failed to load home page stylists; rendering an empty section.
Failed to load home page blog posts; rendering an empty section.
Failed to load home page reviews; rendering an empty section.
Failed to load home page services; rendering an empty section.
Failed to load home page products; rendering an empty section.
Failed to load home page stylists; rendering an empty section.
Failed to load home page blog posts; rendering an empty section.
Failed to load home page reviews; rendering an empty section.
Failed to load home page services; rendering an empty section.
Failed to load home page products; rendering an empty section.
Failed to load home page stylists; rendering an empty section.
Failed to load home page blog posts; rendering an empty section.
Failed to load home page reviews; rendering an empty section.
Failed to load home page services; rendering an empty section.
Failed to load home page products; rendering an empty section.
Failed to load home page stylists; rendering an empty section.
Failed to load home page blog posts; rendering an empty section.
Failed to load home page reviews; rendering an empty section.
Failed to load home page services; rendering an empty section.
Failed to load home page products; rendering an empty section.
Failed to load home page stylists; rendering an empty section.
Failed to load home page blog posts; rendering an empty section.
Failed to load home page reviews; rendering an empty section.
Failed to load home page services; rendering an empty section.
Failed to load home page products; rendering an empty section.
Failed to load home page stylists; rendering an empty section.
Failed to load home page blog posts; rendering an empty section.
Failed to load home page reviews; rendering an empty section.
Failed to load home page services; rendering an empty section.
Failed to load home page products; rendering an empty section.
Failed to load home page stylists; rendering an empty section.
Failed to load home page blog posts; rendering an empty section.
Failed to load home page reviews; rendering an empty section.
Failed to load home page services; rendering an empty section.
Failed to load home page products; rendering an empty section.
Failed to load home page stylists; rendering an empty section.
Failed to load home page blog posts; rendering an empty section.
Failed to load home page reviews; rendering an empty section.
Failed to load home page services; rendering an empty section.
Failed to load home page products; rendering an empty section.
Failed to load home page stylists; rendering an empty section.
Failed to load home page blog posts; rendering an empty section.
Failed to load home page reviews; rendering an empty section.
Failed to load home page services; rendering an empty section.
Failed to load home page products; rendering an empty section.
Failed to load home page stylists; rendering an empty section.
Failed to load home page blog posts; rendering an empty section.
Failed to load home page reviews; rendering an empty section.
Failed to load home page services; rendering an empty section.
Failed to load home page products; rendering an empty section.
Failed to load home page stylists; rendering an empty section.
Failed to load home page blog posts; rendering an empty section.
Failed to load home page reviews; rendering an empty section.
Failed to load home page services; rendering an empty section.
Failed to load home page products; rendering an empty section.
Failed to load home page stylists; rendering an empty section.
Failed to load home page blog posts; rendering an empty section.
Failed to load home page reviews; rendering an empty section.
Failed to load home page services; rendering an empty section.
Failed to load home page products; rendering an empty section.
Failed to load home page stylists; rendering an empty section.
Failed to load home page blog posts; rendering an empty section.
Failed to load home page reviews; rendering an empty section.
Failed to load home page services; rendering an empty section.
Failed to load home page products; rendering an empty section.
Failed to load home page stylists; rendering an empty section.
Failed to load home page blog posts; rendering an empty section.
Failed to load home page reviews; rendering an empty section.
Failed to load home page services; rendering an empty section.
Failed to load home page products; rendering an empty section.
Failed to load home page stylists; rendering an empty section.
Failed to load home page blog posts; rendering an empty section.
Failed to load home page reviews; rendering an empty section.
Failed to load home page services; rendering an empty section.
Failed to load home page products; rendering an empty section.
Failed to load home page stylists; rendering an empty section.
Failed to load home page blog posts; rendering an empty section.
Failed to load home page reviews; rendering an empty section.
Failed to load home page services; rendering an empty section.
Failed to load home page products; rendering an empty section.
Failed to load home page stylists; rendering an empty section.
Failed to load home page blog posts; rendering an empty section.
Failed to load home page reviews; rendering an empty section.
Failed to load home page services; rendering an empty section.
Failed to load home page products; rendering an empty section.
Failed to load home page stylists; rendering an empty section.
Failed to load home page blog posts; rendering an empty section.
Failed to load home page reviews; rendering an empty section.
Failed to load home page services; rendering an empty section.
Failed to load home page products; rendering an empty section.
Failed to load home page stylists; rendering an empty section.
Failed to load home page blog posts; rendering an empty section.
Failed to load home page reviews; rendering an empty section.
Failed to load home page services; rendering an empty section.
Failed to load home page products; rendering an empty section.
Failed to load home page stylists; rendering an empty section.
Failed to load home page blog posts; rendering an empty section.
Failed to load home page reviews; rendering an empty section.
Failed to load home page services; rendering an empty section.
Failed to load home page products; rendering an empty section.
Failed to load home page stylists; rendering an empty section.
Failed to load home page blog posts; rendering an empty section.
Failed to load home page reviews; rendering an empty section.
Failed to load home page services; rendering an empty section.
Failed to load home page products; rendering an empty section.
Failed to load home page stylists; rendering an empty section.
Failed to load home page blog posts; rendering an empty section.
Failed to load home page reviews; rendering an empty section.
Failed to load home page services; rendering an empty section.
Failed to load home page products; rendering an empty section.
Failed to load home page stylists; rendering an empty section.
Failed to load home page blog posts; rendering an empty section.
Failed to load home page reviews; rendering an empty section.
Failed to load home page services; rendering an empty section.
Failed to load home page products; rendering an empty section.
Failed to load home page stylists; rendering an empty section.
Failed to load home page blog posts; rendering an empty section.
Failed to load home page reviews; rendering an empty section.
Failed to load home page services; rendering an empty section.
Failed to load home page products; rendering an empty section.
Failed to load home page stylists; rendering an empty section.
Failed to load home page blog posts; rendering an empty section.
Failed to load home page reviews; rendering an empty section.
Failed to load home page services; rendering an empty section.
Failed to load home page products; rendering an empty section.
Failed to load home page stylists; rendering an empty section.
Failed to load home page blog posts; rendering an empty section.
Failed to load home page reviews; rendering an empty section.
Failed to load home page services; rendering an empty section.
Failed to load home page products; rendering an empty section.
Failed to load home page stylists; rendering an empty section.
Failed to load home page blog posts; rendering an empty section.
Failed to load home page reviews; rendering an empty section.
Failed to load home page services; rendering an empty section.
Failed to load home page products; rendering an empty section.
Failed to load home page stylists; rendering an empty section.
Failed to load home page blog posts; rendering an empty section.
Failed to load home page reviews; rendering an empty section.
Failed to load home page services; rendering an empty section.
Failed to load home page products; rendering an empty section.
Failed to load home page stylists; rendering an empty section.
Failed to load home page blog posts; rendering an empty section.
Failed to load home page reviews; rendering an empty section.
Failed to load home page services; rendering an empty section.
Failed to load home page products; rendering an empty section.
Failed to load home page stylists; rendering an empty section.
Failed to load home page blog posts; rendering an empty section.
Failed to load home page reviews; rendering an empty section.
Failed to load home page services; rendering an empty section.
Failed to load home page products; rendering an empty section.
Failed to load home page stylists; rendering an empty section.
Failed to load home page blog posts; rendering an empty section.
Failed to load home page reviews; rendering an empty section.
Failed to load home page services; rendering an empty section.
Failed to load home page products; rendering an empty section.
Failed to load home page stylists; rendering an empty section.
Failed to load home page blog posts; rendering an empty section.
Failed to load home page reviews; rendering an empty section.
Failed to load home page services; rendering an empty section.
Failed to load home page products; rendering an empty section.
Failed to load home page stylists; rendering an empty section.
Failed to load home page blog posts; rendering an empty section.
Failed to load home page reviews; rendering an empty section.
Failed to load home page services; rendering an empty section.
Failed to load home page products; rendering an empty section.
Failed to load home page stylists; rendering an empty section.
Failed to load home page blog posts; rendering an empty section.
Failed to load home page reviews; rendering an empty section.
Failed to load home page services; rendering an empty section.
Failed to load home page products; rendering an empty section.
Failed to load home page stylists; rendering an empty section.
Failed to load home page blog posts; rendering an empty section.
Failed to load home page reviews; rendering an empty section.
Failed to load home page services; rendering an empty section.
Failed to load home page products; rendering an empty section.
Failed to load home page stylists; rendering an empty section.
Failed to load home page blog posts; rendering an empty section.
Failed to load home page reviews; rendering an empty section.
Failed to load home page services; rendering an empty section.
Failed to load home page products; rendering an empty section.
Failed to load home page stylists; rendering an empty section.
Failed to load home page blog posts; rendering an empty section.
Failed to load home page reviews; rendering an empty section.
Failed to load home page services; rendering an empty section.
Failed to load home page products; rendering an empty section.
Failed to load home page stylists; rendering an empty section.
Failed to load home page blog posts; rendering an empty section.
Failed to load home page reviews; rendering an empty section.
Failed to load home page services; rendering an empty section.
Failed to load home page products; rendering an empty section.
Failed to load home page stylists; rendering an empty section.
Failed to load home page blog posts; rendering an empty section.
Failed to load home page reviews; rendering an empty section.
Failed to load home page services; rendering an empty section.
Failed to load home page products; rendering an empty section.
Failed to load home page stylists; rendering an empty section.
Failed to load home page blog posts; rendering an empty section.
Failed to load home page reviews; rendering an empty section.
Failed to load home page services; rendering an empty section.
Failed to load home page products; rendering an empty section.
Failed to load home page stylists; rendering an empty section.
Failed to load home page blog posts; rendering an empty section.
Failed to load home page reviews; rendering an empty section.
Failed to load home page services; rendering an empty section.
Failed to load home page products; rendering an empty section.
Failed to load home page stylists; rendering an empty section.
Failed to load home page blog posts; rendering an empty section.
Failed to load home page reviews; rendering an empty section.
Failed to load home page services; rendering an empty section.
Failed to load home page products; rendering an empty section.
Failed to load home page stylists; rendering an empty section.
Failed to load home page blog posts; rendering an empty section.
Failed to load home page reviews; rendering an empty section.
Failed to load home page services; rendering an empty section.
Failed to load home page products; rendering an empty section.
Failed to load home page stylists; rendering an empty section.
Failed to load home page blog posts; rendering an empty section.
Failed to load home page reviews; rendering an empty section.
Failed to load home page services; rendering an empty section.
Failed to load home page products; rendering an empty section.
Failed to load home page stylists; rendering an empty section.
Failed to load home page blog posts; rendering an empty section.
Failed to load home page reviews; rendering an empty section.
Failed to load home page services; rendering an empty section.
Failed to load home page products; rendering an empty section.
Failed to load home page stylists; rendering an empty section.
Failed to load home page blog posts; rendering an empty section.
Failed to load home page reviews; rendering an empty section.
Failed to load home page services; rendering an empty section.
Failed to load home page products; rendering an empty section.
Failed to load home page stylists; rendering an empty section.
Failed to load home page blog posts; rendering an empty section.
Failed to load home page reviews; rendering an empty section.
Failed to load home page services; rendering an empty section.
Failed to load home page products; rendering an empty section.
Failed to load home page stylists; rendering an empty section.
Failed to load home page blog posts; rendering an empty section.
Failed to load home page reviews; rendering an empty section.
Failed to load home page services; rendering an empty section.
Failed to load home page products; rendering an empty section.
Failed to load home page stylists; rendering an empty section.
Failed to load home page blog posts; rendering an empty section.
Failed to load home page reviews; rendering an empty section.
Failed to load home page services; rendering an empty section.
Failed to load home page products; rendering an empty section.
Failed to load home page stylists; rendering an empty section.
Failed to load home page blog posts; rendering an empty section.
Failed to load home page reviews; rendering an empty section.
Failed to load home page services; rendering an empty section.
Failed to load home page products; rendering an empty section.
Failed to load home page stylists; rendering an empty section.
Failed to load home page blog posts; rendering an empty section.
Failed to load home page reviews; rendering an empty section.
Failed to load home page services; rendering an empty section.
Failed to load home page products; rendering an empty section.
Failed to load home page stylists; rendering an empty section.
Failed to load home page blog posts; rendering an empty section.
Failed to load home page reviews; rendering an empty section.
Failed to load home page services; rendering an empty section.
Failed to load home page products; rendering an empty section.
Failed to load home page stylists; rendering an empty section.
Failed to load home page blog posts; rendering an empty section.
Failed to load home page reviews; rendering an empty section.
Failed to load home page services; rendering an empty section.
Failed to load home page products; rendering an empty section.
Failed to load home page stylists; rendering an empty section.
Failed to load home page blog posts; rendering an empty section.
Failed to load home page reviews; rendering an empty section.
Failed to load home page services; rendering an empty section.
Failed to load home page products; rendering an empty section.
Failed to load home page stylists; rendering an empty section.
Failed to load home page blog posts; rendering an empty section.
Failed to load home page reviews; rendering an empty section.
Failed to load home page services; rendering an empty section.
Failed to load home page products; rendering an empty section.
Failed to load home page stylists; rendering an empty section.
Failed to load home page blog posts; rendering an empty section.
Failed to load home page reviews; rendering an empty section.
Failed to load home page services; rendering an empty section.
Failed to load home page products; rendering an empty section.
Failed to load home page stylists; rendering an empty section.
Failed to load home page blog posts; rendering an empty section.
Failed to load home page reviews; rendering an empty section.
Failed to load home page services; rendering an empty section.
Failed to load home page products; rendering an empty section.
Failed to load home page stylists; rendering an empty section.
Failed to load home page blog posts; rendering an empty section.
Failed to load home page reviews; rendering an empty section.
Failed to load home page services; rendering an empty section.
Failed to load home page products; rendering an empty section.
Failed to load home page stylists; rendering an empty section.
Failed to load home page blog posts; rendering an empty section.
Failed to load home page reviews; rendering an empty section.
Failed to load home page services; rendering an empty section.
Failed to load home page products; rendering an empty section.
Failed to load home page stylists; rendering an empty section.
Failed to load home page blog posts; rendering an empty section.
Failed to load home page reviews; rendering an empty section.
Failed to load home page services; rendering an empty section.
Failed to load home page products; rendering an empty section.
Failed to load home page stylists; rendering an empty section.
Failed to load home page blog posts; rendering an empty section.
Failed to load home page reviews; rendering an empty section.
Failed to load home page services; rendering an empty section.
Failed to load home page products; rendering an empty section.
Failed to load home page stylists; rendering an empty section.
Failed to load home page blog posts; rendering an empty section.
Failed to load home page reviews; rendering an empty section.
Failed to load home page services; rendering an empty section.
Failed to load home page products; rendering an empty section.
Failed to load home page stylists; rendering an empty section.
Failed to load home page blog posts; rendering an empty section.
Failed to load home page reviews; rendering an empty section.
Failed to load home page services; rendering an empty section.
Failed to load home page products; rendering an empty section.
Failed to load home page stylists; rendering an empty section.
Failed to load home page blog posts; rendering an empty section.
Failed to load home page reviews; rendering an empty section.
Failed to load home page services; rendering an empty section.
Failed to load home page products; rendering an empty section.
Failed to load home page stylists; rendering an empty section.
Failed to load home page blog posts; rendering an empty section.
Failed to load home page reviews; rendering an empty section.
Failed to load home page services; rendering an empty section.
Failed to load home page products; rendering an empty section.
Failed to load home page stylists; rendering an empty section.
Failed to load home page blog posts; rendering an empty section.
Failed to load home page reviews; rendering an empty section.
Failed to load home page services; rendering an empty section.
Failed to load home page products; rendering an empty section.
Failed to load home page stylists; rendering an empty section.
Failed to load home page blog posts; rendering an empty section.
Failed to load home page reviews; rendering an empty section.
Failed to load home page services; rendering an empty section.
Failed to load home page products; rendering an empty section.
Failed to load home page stylists; rendering an empty section.
Failed to load home page blog posts; rendering an empty section.
Failed to load home page reviews; rendering an empty section.
Failed to load home page services; rendering an empty section.
Failed to load home page products; rendering an empty section.
Failed to load home page stylists; rendering an empty section.
Failed to load home page blog posts; rendering an empty section.
Failed to load home page reviews; rendering an empty section.
Failed to load home page services; rendering an empty section.
Failed to load home page products; rendering an empty section.
Failed to load home page stylists; rendering an empty section.
Failed to load home page blog posts; rendering an empty section.
Failed to load home page reviews; rendering an empty section.
Failed to load home page services; rendering an empty section.
Failed to load home page products; rendering an empty section.
Failed to load home page stylists; rendering an empty section.
Failed to load home page blog posts; rendering an empty section.
Failed to load home page reviews; rendering an empty section.
Failed to load home page services; rendering an empty section.
Failed to load home page products; rendering an empty section.
Failed to load home page stylists; rendering an empty section.
Failed to load home page blog posts; rendering an empty section.
Failed to load home page reviews; rendering an empty section.
Failed to load home page services; rendering an empty section.
Failed to load home page products; rendering an empty section.
Failed to load home page stylists; rendering an empty section.
Failed to load home page blog posts; rendering an empty section.
Failed to load home page reviews; rendering an empty section.
Failed to load home page services; rendering an empty section.
Failed to load home page products; rendering an empty section.
Failed to load home page stylists; rendering an empty section.
Failed to load home page blog posts; rendering an empty section.
Failed to load home page reviews; rendering an empty section.
Failed to load home page services; rendering an empty section.
Failed to load home page products; rendering an empty section.
Failed to load home page stylists; rendering an empty section.
Failed to load home page blog posts; rendering an empty section.
Failed to load home page reviews; rendering an empty section.
Failed to load home page services; rendering an empty section.
Failed to load home page products; rendering an empty section.
Failed to load home page stylists; rendering an empty section.
Failed to load home page blog posts; rendering an empty section.
Failed to load home page reviews; rendering an empty section.
Failed to load home page services; rendering an empty section.
Failed to load home page products; rendering an empty section.
Failed to load home page stylists; rendering an empty section.
Failed to load home page blog posts; rendering an empty section.
Failed to load home page reviews; rendering an empty section.
Failed to load home page services; rendering an empty section.
Failed to load home page products; rendering an empty section.
Failed to load home page stylists; rendering an empty section.
Failed to load home page blog posts; rendering an empty section.
Failed to load home page reviews; rendering an empty section.
Failed to load home page services; rendering an empty section.
Failed to load home page products; rendering an empty section.
Failed to load home page stylists; rendering an empty section.
Failed to load home page blog posts; rendering an empty section.
Failed to load home page reviews; rendering an empty section.
Failed to load home page services; rendering an empty section.
Failed to load home page products; rendering an empty section.
Failed to load home page stylists; rendering an empty section.
Failed to load home page blog posts; rendering an empty section.
Failed to load home page reviews; rendering an empty section.
Failed to load home page services; rendering an empty section.
Failed to load home page products; rendering an empty section.
Failed to load home page stylists; rendering an empty section.
Failed to load home page blog posts; rendering an empty section.
Failed to load home page reviews; rendering an empty section.
Failed to load home page services; rendering an empty section.
Failed to load home page products; rendering an empty section.
Failed to load home page stylists; rendering an empty section.
Failed to load home page blog posts; rendering an empty section.
Failed to load home page reviews; rendering an empty section.
Failed to load home page services; rendering an empty section.
Failed to load home page products; rendering an empty section.
Failed to load home page stylists; rendering an empty section.
Failed to load home page blog posts; rendering an empty section.
Failed to load home page reviews; rendering an empty section.
Failed to load home page services; rendering an empty section.
Failed to load home page products; rendering an empty section.
Failed to load home page stylists; rendering an empty section.
Failed to load home page blog posts; rendering an empty section.
Failed to load home page reviews; rendering an empty section.
Failed to load home page services; rendering an empty section.
Failed to load home page products; rendering an empty section.
Failed to load home page stylists; rendering an empty section.
Failed to load home page blog posts; rendering an empty section.
Failed to load home page reviews; rendering an empty section.
Failed to load home page services; rendering an empty section.
Failed to load home page products; rendering an empty section.
Failed to load home page stylists; rendering an empty section.
Failed to load home page blog posts; rendering an empty section.
Failed to load home page reviews; rendering an empty section.
Failed to load home page services; rendering an empty section.
Failed to load home page products; rendering an empty section.
Failed to load home page stylists; rendering an empty section.
Failed to load home page blog posts; rendering an empty section.
Failed to load home page reviews; rendering an empty section.
Failed to load home page services; rendering an empty section.
Failed to load home page products; rendering an empty section.
Failed to load home page stylists; rendering an empty section.
Failed to load home page blog posts; rendering an empty section.
Failed to load home page reviews; rendering an empty section.
Failed to load home page services; rendering an empty section.
Failed to load home page products; rendering an empty section.
Failed to load home page stylists; rendering an empty section.
Failed to load home page blog posts; rendering an empty section.
Failed to load home page reviews; rendering an empty section.
Failed to load home page services; rendering an empty section.
Failed to load home page products; rendering an empty section.
Failed to load home page stylists; rendering an empty section.
Failed to load home page blog posts; rendering an empty section.
Failed to load home page reviews; rendering an empty section.
Failed to load home page services; rendering an empty section.
Failed to load home page products; rendering an empty section.
Failed to load home page stylists; rendering an empty section.
Failed to load home page blog posts; rendering an empty section.
Failed to load home page reviews; rendering an empty section.
⨯ TypeError: Cannot read properties of undefined (reading 'findMany')
    at HomePage (src\app\page.tsx:30:18)
  28 |       take: 3,
  29 |     }),
> 30 |     prisma.staff.findMany({
     |                  ^
  31 |       where: { featured: true },
  32 |       take: 3,
  33 |     }), {
  digest: '446881609'
}
⨯ TypeError: Cannot read properties of undefined (reading 'findMany')
    at HomePage (src\app\page.tsx:30:18)
  28 |       take: 3,
  29 |     }),
> 30 |     prisma.staff.findMany({
     |                  ^
  31 |       where: { featured: true },
  32 |       take: 3,
  33 |     }), {
  digest: '446881609'
}
⨯ TypeError: Cannot read properties of undefined (reading 'findMany')
    at HomePage (src\app\page.tsx:30:18)
  28 |       take: 3,
  29 |     }),
> 30 |     prisma.staff.findMany({
     |                  ^
  31 |       where: { featured: true },
  32 |       take: 3,
  33 |     }), {
  digest: '446881609'
}
⨯ TypeError: Cannot read properties of undefined (reading 'findMany')
    at HomePage (src\app\page.tsx:30:18)
  28 |       take: 3,
  29 |     }),
> 30 |     prisma.staff.findMany({
     |                  ^
  31 |       where: { featured: true },
  32 |       take: 3,
  33 |     }), {
  digest: '446881609'
}
⨯ TypeError: Cannot read properties of undefined (reading 'findMany')
    at HomePage (src\app\page.tsx:30:18)
  28 |       take: 3,
  29 |     }),
> 30 |     prisma.staff.findMany({
     |                  ^
  31 |       where: { featured: true },
  32 |       take: 3,
  33 |     }), {
  digest: '446881609'
}
⨯ TypeError: Cannot read properties of undefined (reading 'findMany')
    at HomePage (src\app\page.tsx:30:18)
  28 |       take: 3,
  29 |     }),
> 30 |     prisma.staff.findMany({
     |                  ^
  31 |       where: { featured: true },
  32 |       take: 3,
  33 |     }), {
  digest: '446881609'
}
⨯ TypeError: Cannot read properties of undefined (reading 'findMany')
    at HomePage (src\app\page.tsx:30:18)
  28 |       take: 3,
  29 |     }),
> 30 |     prisma.staff.findMany({
     |                  ^
  31 |       where: { featured: true },
  32 |       take: 3,
  33 |     }), {
  digest: '3451282917'
}
⨯ TypeError: Cannot read properties of undefined (reading 'findMany')
    at HomePage (src\app\page.tsx:30:18)
  28 |       take: 3,
  29 |     }),
> 30 |     prisma.staff.findMany({
     |                  ^
  31 |       where: { featured: true },
  32 |       take: 3,
  33 |     }), {
  digest: '3451282917'
}
⨯ TypeError: Cannot read properties of undefined (reading 'findMany')
    at HomePage (src\app\page.tsx:30:18)
  28 |       take: 3,
  29 |     }),
> 30 |     prisma.staff.findMany({
     |                  ^
  31 |       where: { featured: true },
  32 |       take: 3,
  33 |     }), {
  digest: '3451282917'
}
⨯ TypeError: Cannot read properties of undefined (reading 'findMany')
    at HomePage (src\app\page.tsx:30:18)
  28 |       take: 3,
  29 |     }),
> 30 |     prisma.staff.findMany({
     |                  ^
  31 |       where: { featured: true },
  32 |       take: 3,
  33 |     }), {
  digest: '3451282917'
}
⨯ TypeError: Cannot read properties of undefined (reading 'findMany')
    at HomePage (src\app\page.tsx:30:18)
  28 |       take: 3,
  29 |     }),
> 30 |     prisma.staff.findMany({
     |                  ^
  31 |       where: { featured: true },
  32 |       take: 3,
  33 |     }), {
  digest: '3451282917'
}
⨯ TypeError: Cannot read properties of undefined (reading 'findMany')
    at HomePage (src\app\page.tsx:30:18)
  28 |       take: 3,
  29 |     }),
> 30 |     prisma.staff.findMany({
     |                  ^
  31 |       where: { featured: true },
  32 |       take: 3,
  33 |     }), {
  digest: '3451282917'
}
[browser] Uncaught TypeError: Cannot read properties of undefined (reading 'findMany')
    at HomePage (src\app\page.tsx:30:18)
  28 |       take: 3,
  29 |     }),
> 30 |     prisma.staff.findMany({
     |                  ^
  31 |       where: { featured: true },
  32 |       take: 3,
  33 |     }),
⨯ TypeError: Cannot read properties of undefined (reading 'findMany')
    at HomePage (src\app\page.tsx:30:18)
  28 |       take: 3,
  29 |     }),
> 30 |     prisma.staff.findMany({
     |                  ^
  31 |       where: { featured: true },
  32 |       take: 3,
  33 |     }), {
  digest: '3451282917'
}
[browser] Uncaught TypeError: Cannot read properties of undefined (reading 'findMany')
    at HomePage (src\app\page.tsx:30:18)
  28 |       take: 3,
  29 |     }),
> 30 |     prisma.staff.findMany({
     |                  ^
  31 |       where: { featured: true },
  32 |       take: 3,
  33 |     }),
